c:\users\gosha\downloads\clubmanager\build\clubmanager.dir\debug\vc143.pdb
c:\users\gosha\downloads\clubmanager\build\clubmanager.dir\debug\utils.obj
c:\users\gosha\downloads\clubmanager\build\clubmanager.dir\debug\main.obj
c:\users\gosha\downloads\clubmanager\build\clubmanager.dir\debug\globals.obj
c:\users\gosha\downloads\clubmanager\build\clubmanager.dir\debug\server.obj
c:\users\gosha\downloads\clubmanager\build\cmakefiles\generate.stamp
c:\users\gosha\downloads\clubmanager\debug\clubmanager.exe
c:\users\gosha\downloads\clubmanager\debug\clubmanager.pdb
c:\users\gosha\downloads\clubmanager\build\clubmanager.dir\debug\clubmanager.ilk
c:\users\gosha\downloads\clubmanager\build\clubmanager.dir\debug\clubmanager.tlog\cl.command.1.tlog
c:\users\gosha\downloads\clubmanager\build\clubmanager.dir\debug\clubmanager.tlog\cl.items.tlog
c:\users\gosha\downloads\clubmanager\build\clubmanager.dir\debug\clubmanager.tlog\cl.read.1.tlog
c:\users\gosha\downloads\clubmanager\build\clubmanager.dir\debug\clubmanager.tlog\cl.write.1.tlog
c:\users\gosha\downloads\clubmanager\build\clubmanager.dir\debug\clubmanager.tlog\custombuild.command.1.tlog
c:\users\gosha\downloads\clubmanager\build\clubmanager.dir\debug\clubmanager.tlog\custombuild.read.1.tlog
c:\users\gosha\downloads\clubmanager\build\clubmanager.dir\debug\clubmanager.tlog\custombuild.write.1.tlog
c:\users\gosha\downloads\clubmanager\build\clubmanager.dir\debug\clubmanager.tlog\link.command.1.tlog
c:\users\gosha\downloads\clubmanager\build\clubmanager.dir\debug\clubmanager.tlog\link.read.1.tlog
c:\users\gosha\downloads\clubmanager\build\clubmanager.dir\debug\clubmanager.tlog\link.secondary.1.tlog
c:\users\gosha\downloads\clubmanager\build\clubmanager.dir\debug\clubmanager.tlog\link.write.1.tlog
